{"/Users/vanlong_nguyen/Documents/workspace/Investigation/sU/Backend/public/utils/emailHelper.js": {"path":"/Users/vanlong_nguyen/Documents/workspace/Investigation/sU/Backend/public/utils/emailHelper.js","statementMap":{"0":{"start":{"line":1,"column":19},"end":{"line":4,"column":1}},"1":{"start":{"line":2,"column":25},"end":{"line":2,"column":180}},"2":{"start":{"line":3,"column":4},"end":{"line":3,"column":42}},"3":{"start":{"line":6,"column":19},"end":{"line":8,"column":1}},"4":{"start":{"line":7,"column":4},"end":{"line":7,"column":29}},"5":{"start":{"line":10,"column":37},"end":{"line":14,"column":1}},"6":{"start":{"line":11,"column":21},"end":{"line":11,"column":47}},"7":{"start":{"line":12,"column":4},"end":{"line":12,"column":63}},"8":{"start":{"line":12,"column":44},"end":{"line":12,"column":61}},"9":{"start":{"line":13,"column":4},"end":{"line":13,"column":22}},"10":{"start":{"line":16,"column":26},"end":{"line":30,"column":1}},"11":{"start":{"line":17,"column":17},"end":{"line":27,"column":10}},"12":{"start":{"line":19,"column":8},"end":{"line":22,"column":9}},"13":{"start":{"line":25,"column":8},"end":{"line":25,"column":48}},"14":{"start":{"line":26,"column":8},"end":{"line":26,"column":16}},"15":{"start":{"line":29,"column":4},"end":{"line":29,"column":56}},"16":{"start":{"line":29,"column":43},"end":{"line":29,"column":54}},"17":{"start":{"line":32,"column":35},"end":{"line":55,"column":1}},"18":{"start":{"line":33,"column":17},"end":{"line":33,"column":19}},"19":{"start":{"line":34,"column":16},"end":{"line":39,"column":9}},"20":{"start":{"line":35,"column":8},"end":{"line":37,"column":9}},"21":{"start":{"line":35,"column":31},"end":{"line":35,"column":52}},"22":{"start":{"line":36,"column":12},"end":{"line":36,"column":27}},"23":{"start":{"line":38,"column":8},"end":{"line":38,"column":22}},"24":{"start":{"line":41,"column":4},"end":{"line":51,"column":7}},"25":{"start":{"line":42,"column":8},"end":{"line":50,"column":10}},"26":{"start":{"line":43,"column":12},"end":{"line":49,"column":13}},"27":{"start":{"line":44,"column":31},"end":{"line":44,"column":64}},"28":{"start":{"line":45,"column":16},"end":{"line":48,"column":17}},"29":{"start":{"line":46,"column":20},"end":{"line":46,"column":80}},"30":{"start":{"line":47,"column":20},"end":{"line":47,"column":41}},"31":{"start":{"line":53,"column":4},"end":{"line":53,"column":18}},"32":{"start":{"line":57,"column":0},"end":{"line":59,"column":1}}},"fnMap":{"0":{"name":"(anonymous_0)","decl":{"start":{"line":1,"column":19},"end":{"line":1,"column":20}},"loc":{"start":{"line":1,"column":36},"end":{"line":4,"column":1}},"line":1},"1":{"name":"(anonymous_1)","decl":{"start":{"line":6,"column":19},"end":{"line":6,"column":20}},"loc":{"start":{"line":6,"column":31},"end":{"line":8,"column":1}},"line":6},"2":{"name":"(anonymous_2)","decl":{"start":{"line":10,"column":37},"end":{"line":10,"column":38}},"loc":{"start":{"line":10,"column":55},"end":{"line":14,"column":1}},"line":10},"3":{"name":"(anonymous_3)","decl":{"start":{"line":12,"column":35},"end":{"line":12,"column":36}},"loc":{"start":{"line":12,"column":44},"end":{"line":12,"column":61}},"line":12},"4":{"name":"(anonymous_4)","decl":{"start":{"line":16,"column":26},"end":{"line":16,"column":27}},"loc":{"start":{"line":16,"column":38},"end":{"line":30,"column":1}},"line":16},"5":{"name":"(anonymous_5)","decl":{"start":{"line":18,"column":9},"end":{"line":18,"column":10}},"loc":{"start":{"line":18,"column":20},"end":{"line":23,"column":5}},"line":18},"6":{"name":"(anonymous_6)","decl":{"start":{"line":24,"column":12},"end":{"line":24,"column":13}},"loc":{"start":{"line":24,"column":22},"end":{"line":27,"column":5}},"line":24},"7":{"name":"(anonymous_7)","decl":{"start":{"line":29,"column":36},"end":{"line":29,"column":37}},"loc":{"start":{"line":29,"column":43},"end":{"line":29,"column":54}},"line":29},"8":{"name":"(anonymous_8)","decl":{"start":{"line":32,"column":35},"end":{"line":32,"column":36}},"loc":{"start":{"line":32,"column":47},"end":{"line":55,"column":1}},"line":32},"9":{"name":"(anonymous_9)","decl":{"start":{"line":34,"column":30},"end":{"line":34,"column":31}},"loc":{"start":{"line":34,"column":45},"end":{"line":39,"column":5}},"line":34},"10":{"name":"(anonymous_10)","decl":{"start":{"line":35,"column":24},"end":{"line":35,"column":25}},"loc":{"start":{"line":35,"column":31},"end":{"line":35,"column":52}},"line":35},"11":{"name":"(anonymous_11)","decl":{"start":{"line":41,"column":19},"end":{"line":41,"column":20}},"loc":{"start":{"line":41,"column":30},"end":{"line":51,"column":5}},"line":41},"12":{"name":"(anonymous_12)","decl":{"start":{"line":42,"column":20},"end":{"line":42,"column":21}},"loc":{"start":{"line":42,"column":25},"end":{"line":50,"column":9}},"line":42}},"branchMap":{"0":{"loc":{"start":{"line":25,"column":22},"end":{"line":25,"column":37}},"type":"binary-expr","locations":[{"start":{"line":25,"column":22},"end":{"line":25,"column":32}},{"start":{"line":25,"column":36},"end":{"line":25,"column":37}}],"line":25},"1":{"loc":{"start":{"line":35,"column":8},"end":{"line":37,"column":9}},"type":"if","locations":[{"start":{"line":35,"column":8},"end":{"line":37,"column":9}},{"start":{"line":35,"column":8},"end":{"line":37,"column":9}}],"line":35},"2":{"loc":{"start":{"line":43,"column":12},"end":{"line":49,"column":13}},"type":"if","locations":[{"start":{"line":43,"column":12},"end":{"line":49,"column":13}},{"start":{"line":43,"column":12},"end":{"line":49,"column":13}}],"line":43},"3":{"loc":{"start":{"line":45,"column":16},"end":{"line":48,"column":17}},"type":"if","locations":[{"start":{"line":45,"column":16},"end":{"line":48,"column":17}},{"start":{"line":45,"column":16},"end":{"line":48,"column":17}}],"line":45}},"s":{"0":1,"1":7,"2":7,"3":1,"4":1,"5":1,"6":1,"7":1,"8":5,"9":1,"10":1,"11":2,"12":5,"13":5,"14":5,"15":2,"16":4,"17":1,"18":1,"19":1,"20":3,"21":2,"22":2,"23":3,"24":1,"25":3,"26":6,"27":3,"28":3,"29":1,"30":1,"31":1,"32":1},"f":{"0":7,"1":1,"2":1,"3":5,"4":2,"5":5,"6":5,"7":4,"8":1,"9":3,"10":2,"11":3,"12":6},"b":{"0":[5,4],"1":[2,1],"2":[3,3],"3":[1,2]},"_coverageSchema":"43e27e138ebf9cfc5966b082cf9a028302ed4184","hash":"4edc65f7485d03ade82c483b15694a6b711a33fb"}
}
