TN:
SF:/Users/vanlong_nguyen/Documents/workspace/Investigation/sU/Backend/public/utils/emailHelper.js
FN:1,(anonymous_0)
FN:6,(anonymous_1)
FN:10,(anonymous_2)
FN:12,(anonymous_3)
FN:16,(anonymous_4)
FN:18,(anonymous_5)
FN:24,(anonymous_6)
FN:29,(anonymous_7)
FN:32,(anonymous_8)
FN:34,(anonymous_9)
FN:35,(anonymous_10)
FN:41,(anonymous_11)
FN:42,(anonymous_12)
FNF:13
FNH:13
FNDA:7,(anonymous_0)
FNDA:1,(anonymous_1)
FNDA:1,(anonymous_2)
FNDA:5,(anonymous_3)
FNDA:2,(anonymous_4)
FNDA:5,(anonymous_5)
FNDA:5,(anonymous_6)
FNDA:4,(anonymous_7)
FNDA:1,(anonymous_8)
FNDA:3,(anonymous_9)
FNDA:2,(anonymous_10)
FNDA:3,(anonymous_11)
FNDA:6,(anonymous_12)
DA:1,1
DA:2,7
DA:3,7
DA:6,1
DA:7,1
DA:10,1
DA:11,1
DA:12,5
DA:13,1
DA:16,1
DA:17,2
DA:19,5
DA:25,5
DA:26,5
DA:29,4
DA:32,1
DA:33,1
DA:34,1
DA:35,3
DA:36,2
DA:38,3
DA:41,1
DA:42,3
DA:43,6
DA:44,3
DA:45,3
DA:46,1
DA:47,1
DA:53,1
DA:57,1
LF:30
LH:30
BRDA:25,0,0,5
BRDA:25,0,1,4
BRDA:35,1,0,2
BRDA:35,1,1,1
BRDA:43,2,0,3
BRDA:43,2,1,3
BRDA:45,3,0,1
BRDA:45,3,1,2
BRF:8
BRH:8
end_of_record
